2024-06-14T12:02:53.465+02:00  INFO 36676 --- [restartedMain] d.h.f.e.EfussgaengerzoneApplication      : Starting EfussgaengerzoneApplication using Java 21.0.3 with PID 36676 (/Users/tuandl/IdeaProjects/ss24_se_fr1_grp02/target/classes started by tuandl in /Users/tuandl/IdeaProjects/ss24_se_fr1_grp02)
2024-06-14T12:02:53.466+02:00  INFO 36676 --- [restartedMain] d.h.f.e.EfussgaengerzoneApplication      : The following 1 profile is active: "debug"
2024-06-14T12:02:53.487+02:00  INFO 36676 --- [restartedMain] .e.DevToolsPropertyDefaultsPostProcessor : Devtools property defaults active! Set 'spring.devtools.add-properties' to 'false' to disable
2024-06-14T12:02:53.488+02:00  INFO 36676 --- [restartedMain] .e.DevToolsPropertyDefaultsPostProcessor : For additional web related logging consider setting the 'logging.level.web' property to 'DEBUG'
2024-06-14T12:02:54.025+02:00  INFO 36676 --- [restartedMain] o.s.b.w.embedded.tomcat.TomcatWebServer  : Tomcat initialized with port(s): 8080 (http)
2024-06-14T12:02:54.029+02:00  INFO 36676 --- [restartedMain] o.apache.catalina.core.StandardService   : Starting service [Tomcat]
2024-06-14T12:02:54.029+02:00  INFO 36676 --- [restartedMain] o.apache.catalina.core.StandardEngine    : Starting Servlet engine: [Apache Tomcat/10.1.1]
2024-06-14T12:02:54.049+02:00  INFO 36676 --- [restartedMain] o.a.c.c.C.[Tomcat].[localhost].[/]       : Initializing Spring embedded WebApplicationContext
2024-06-14T12:02:54.049+02:00  INFO 36676 --- [restartedMain] w.s.c.ServletWebServerApplicationContext : Root WebApplicationContext: initialization completed in 561 ms
2024-06-14T12:02:54.366+02:00  INFO 36676 --- [restartedMain] o.s.b.d.a.OptionalLiveReloadServer       : LiveReload server is running on port 35729
2024-06-14T12:02:54.370+02:00  INFO 36676 --- [restartedMain] o.s.b.a.e.web.EndpointLinksResolver      : Exposing 1 endpoint(s) beneath base path '/actuator'
2024-06-14T12:02:54.401+02:00  INFO 36676 --- [restartedMain] o.s.b.w.embedded.tomcat.TomcatWebServer  : Tomcat started on port(s): 8080 (http) with context path ''
2024-06-14T12:02:54.412+02:00  INFO 36676 --- [restartedMain] d.h.f.e.EfussgaengerzoneApplication      : Started EfussgaengerzoneApplication in 1.152 seconds (process running for 1.489)
2024-06-14T12:02:54.763+02:00  INFO 36676 --- [RMI TCP Connection(2)-127.0.0.1] o.a.c.c.C.[Tomcat].[localhost].[/]       : Initializing Spring DispatcherServlet 'dispatcherServlet'
2024-06-14T12:02:54.764+02:00  INFO 36676 --- [RMI TCP Connection(2)-127.0.0.1] o.s.web.servlet.DispatcherServlet        : Initializing Servlet 'dispatcherServlet'
2024-06-14T12:02:54.764+02:00  INFO 36676 --- [RMI TCP Connection(2)-127.0.0.1] o.s.web.servlet.DispatcherServlet        : Completed initialization in 0 ms
2024-06-14T12:03:40.015+02:00  INFO 36712 --- [restartedMain] d.h.f.e.EfussgaengerzoneApplication      : Starting EfussgaengerzoneApplication using Java 21.0.3 with PID 36712 (/Users/tuandl/IdeaProjects/ss24_se_fr1_grp02/target/classes started by tuandl in /Users/tuandl/IdeaProjects/ss24_se_fr1_grp02)
2024-06-14T12:03:40.016+02:00  INFO 36712 --- [restartedMain] d.h.f.e.EfussgaengerzoneApplication      : The following 1 profile is active: "debug"
2024-06-14T12:03:40.038+02:00  INFO 36712 --- [restartedMain] .e.DevToolsPropertyDefaultsPostProcessor : Devtools property defaults active! Set 'spring.devtools.add-properties' to 'false' to disable
2024-06-14T12:03:40.038+02:00  INFO 36712 --- [restartedMain] .e.DevToolsPropertyDefaultsPostProcessor : For additional web related logging consider setting the 'logging.level.web' property to 'DEBUG'
2024-06-14T12:03:40.580+02:00  INFO 36712 --- [restartedMain] o.s.b.w.embedded.tomcat.TomcatWebServer  : Tomcat initialized with port(s): 8080 (http)
2024-06-14T12:03:40.585+02:00  INFO 36712 --- [restartedMain] o.apache.catalina.core.StandardService   : Starting service [Tomcat]
2024-06-14T12:03:40.585+02:00  INFO 36712 --- [restartedMain] o.apache.catalina.core.StandardEngine    : Starting Servlet engine: [Apache Tomcat/10.1.1]
2024-06-14T12:03:40.605+02:00  INFO 36712 --- [restartedMain] o.a.c.c.C.[Tomcat].[localhost].[/]       : Initializing Spring embedded WebApplicationContext
2024-06-14T12:03:40.605+02:00  INFO 36712 --- [restartedMain] w.s.c.ServletWebServerApplicationContext : Root WebApplicationContext: initialization completed in 566 ms
2024-06-14T12:03:40.934+02:00  INFO 36712 --- [restartedMain] o.s.b.d.a.OptionalLiveReloadServer       : LiveReload server is running on port 35729
2024-06-14T12:03:40.938+02:00  INFO 36712 --- [restartedMain] o.s.b.a.e.web.EndpointLinksResolver      : Exposing 1 endpoint(s) beneath base path '/actuator'
2024-06-14T12:03:40.970+02:00  INFO 36712 --- [restartedMain] o.s.b.w.embedded.tomcat.TomcatWebServer  : Tomcat started on port(s): 8080 (http) with context path ''
2024-06-14T12:03:40.981+02:00  INFO 36712 --- [restartedMain] d.h.f.e.EfussgaengerzoneApplication      : Started EfussgaengerzoneApplication in 1.176 seconds (process running for 1.495)
2024-06-14T12:03:41.244+02:00  INFO 36712 --- [RMI TCP Connection(3)-127.0.0.1] o.a.c.c.C.[Tomcat].[localhost].[/]       : Initializing Spring DispatcherServlet 'dispatcherServlet'
2024-06-14T12:03:41.244+02:00  INFO 36712 --- [RMI TCP Connection(3)-127.0.0.1] o.s.web.servlet.DispatcherServlet        : Initializing Servlet 'dispatcherServlet'
2024-06-14T12:03:41.245+02:00  INFO 36712 --- [RMI TCP Connection(3)-127.0.0.1] o.s.web.servlet.DispatcherServlet        : Completed initialization in 1 ms
